<?xml version="1.0" encoding="UTF-8"?>
<coverage generated="1722065804677" clover="3.2.0">
  <project timestamp="1722065804677" name="All files">
    <metrics statements="10" coveredstatements="3" conditionals="11" coveredconditionals="4" methods="1" coveredmethods="1" elements="22" coveredelements="8" complexity="0" loc="10" ncloc="10" packages="1" files="1" classes="1"/>
    <file name="person.js" path="/Users/pamelamaytanedo/pam/automated-testing-workshop/person.js">
      <metrics statements="10" coveredstatements="3" conditionals="11" coveredconditionals="4" methods="1" coveredmethods="1"/>
      <line num="2" count="1" type="cond" truecount="4" falsecount="1"/>
      <line num="3" count="1" type="stmt"/>
      <line num="6" count="0" type="cond" truecount="0" falsecount="2"/>
      <line num="7" count="0" type="stmt"/>
      <line num="10" count="0" type="cond" truecount="0" falsecount="2"/>
      <line num="11" count="0" type="stmt"/>
      <line num="14" count="0" type="cond" truecount="0" falsecount="2"/>
      <line num="15" count="0" type="stmt"/>
      <line num="18" count="0" type="stmt"/>
      <line num="21" count="1" type="stmt"/>
    </file>
  </project>
</coverage>
